{"contracts\\DataTypes.sol":{"l":{},"path":"C:\\Users\\jokel\\defi-bank\\contracts\\DataTypes.sol","s":{},"b":{},"f":{},"fnMap":{},"statementMap":{},"branchMap":{}},"contracts\\DeFiBank.sol":{"l":{"24":12,"26":12,"31":0,"34":0,"38":0,"43":0,"46":0,"49":0,"52":0,"53":0,"57":0,"61":0,"65":0,"68":0,"69":0,"77":0,"78":0,"79":0,"84":0,"86":0,"88":0,"90":0,"92":0,"99":0,"102":0,"105":0,"106":0,"108":0,"109":0,"110":0,"113":0,"115":0,"117":0,"119":0,"122":0},"path":"C:\\Users\\jokel\\defi-bank\\contracts\\DeFiBank.sol","s":{"1":0,"2":0,"3":0,"4":0,"5":0,"6":0,"7":0,"8":0,"9":0,"10":0,"11":0,"12":0,"13":0,"14":0,"15":0,"16":0,"17":0,"18":0,"19":0,"20":0,"21":0,"22":0},"b":{"1":[0,0],"2":[0,0],"3":[0,0],"4":[0,0],"5":[0,0],"6":[0,0],"7":[0,0],"8":[0,0],"9":[0,0],"10":[0,0]},"f":{"1":12,"2":0,"3":0,"4":0},"fnMap":{"1":{"name":"constructor","line":23,"loc":{"start":{"line":23,"column":4},"end":{"line":27,"column":4}}},"2":{"name":"deposit","line":29,"loc":{"start":{"line":29,"column":4},"end":{"line":58,"column":4}}},"3":{"name":"withdrawlInterest","line":60,"loc":{"start":{"line":60,"column":4},"end":{"line":95,"column":4}}},"4":{"name":"withdrawBalance","line":98,"loc":{"start":{"line":98,"column":4},"end":{"line":124,"column":4}}}},"statementMap":{"1":{"start":{"line":31,"column":8},"end":{"line":31,"column":75}},"2":{"start":{"line":34,"column":8},"end":{"line":34,"column":51}},"3":{"start":{"line":38,"column":8},"end":{"line":38,"column":39}},"4":{"start":{"line":43,"column":8},"end":{"line":43,"column":73}},"5":{"start":{"line":46,"column":8},"end":{"line":46,"column":63}},"6":{"start":{"line":52,"column":8},"end":{"line":52,"column":2032}},"7":{"start":{"line":53,"column":12},"end":{"line":53,"column":38}},"8":{"start":{"line":61,"column":8},"end":{"line":61,"column":67}},"9":{"start":{"line":65,"column":8},"end":{"line":65,"column":73}},"10":{"start":{"line":68,"column":8},"end":{"line":68,"column":53}},"11":{"start":{"line":77,"column":8},"end":{"line":77,"column":63}},"12":{"start":{"line":78,"column":8},"end":{"line":78,"column":3473}},"13":{"start":{"line":84,"column":12},"end":{"line":84,"column":74}},"14":{"start":{"line":88,"column":8},"end":{"line":88,"column":4067}},"15":{"start":{"line":90,"column":12},"end":{"line":90,"column":4192}},"16":{"start":{"line":99,"column":8},"end":{"line":99,"column":53}},"17":{"start":{"line":102,"column":8},"end":{"line":102,"column":53}},"18":{"start":{"line":105,"column":8},"end":{"line":105,"column":53}},"19":{"start":{"line":108,"column":8},"end":{"line":108,"column":64}},"20":{"start":{"line":109,"column":8},"end":{"line":109,"column":4898}},"21":{"start":{"line":113,"column":12},"end":{"line":113,"column":74}},"22":{"start":{"line":117,"column":8},"end":{"line":117,"column":5271}}},"branchMap":{"1":{"line":34,"type":"if","locations":[{"start":{"line":34,"column":8},"end":{"line":34,"column":8}},{"start":{"line":34,"column":8},"end":{"line":34,"column":8}}]},"2":{"line":43,"type":"if","locations":[{"start":{"line":43,"column":8},"end":{"line":43,"column":8}},{"start":{"line":43,"column":8},"end":{"line":43,"column":8}}]},"3":{"line":52,"type":"if","locations":[{"start":{"line":52,"column":8},"end":{"line":52,"column":8}},{"start":{"line":52,"column":8},"end":{"line":52,"column":8}}]},"4":{"line":65,"type":"if","locations":[{"start":{"line":65,"column":8},"end":{"line":65,"column":8}},{"start":{"line":65,"column":8},"end":{"line":65,"column":8}}]},"5":{"line":68,"type":"if","locations":[{"start":{"line":68,"column":8},"end":{"line":68,"column":8}},{"start":{"line":68,"column":8},"end":{"line":68,"column":8}}]},"6":{"line":84,"type":"if","locations":[{"start":{"line":84,"column":12},"end":{"line":84,"column":12}},{"start":{"line":84,"column":12},"end":{"line":84,"column":12}}]},"7":{"line":90,"type":"if","locations":[{"start":{"line":90,"column":12},"end":{"line":90,"column":12}},{"start":{"line":90,"column":12},"end":{"line":90,"column":12}}]},"8":{"line":102,"type":"if","locations":[{"start":{"line":102,"column":8},"end":{"line":102,"column":8}},{"start":{"line":102,"column":8},"end":{"line":102,"column":8}}]},"9":{"line":105,"type":"if","locations":[{"start":{"line":105,"column":8},"end":{"line":105,"column":8}},{"start":{"line":105,"column":8},"end":{"line":105,"column":8}}]},"10":{"line":113,"type":"if","locations":[{"start":{"line":113,"column":12},"end":{"line":113,"column":12}},{"start":{"line":113,"column":12},"end":{"line":113,"column":12}}]}}},"contracts\\IERC20.sol":{"l":{},"path":"C:\\Users\\jokel\\defi-bank\\contracts\\IERC20.sol","s":{},"b":{},"f":{},"fnMap":{},"statementMap":{},"branchMap":{}},"contracts\\ILendingPool.sol":{"l":{},"path":"C:\\Users\\jokel\\defi-bank\\contracts\\ILendingPool.sol","s":{},"b":{},"f":{},"fnMap":{},"statementMap":{},"branchMap":{}},"contracts\\ILendingPoolAddressesProvider.sol":{"l":{},"path":"C:\\Users\\jokel\\defi-bank\\contracts\\ILendingPoolAddressesProvider.sol","s":{},"b":{},"f":{},"fnMap":{},"statementMap":{},"branchMap":{}}}